Matplotlib created a temporary config/cache directory at /scratch/condor/dir_47365/matplotlib-kb78yav7 because the default path (/afs/ihep.ac.cn/users/m/miaoyu/.config/matplotlib) is not a writable directory; it is highly recommended to set the MPLCONFIGDIR environment variable to a writable directory, in particular to speed up the import of Matplotlib and to better support multiprocessing.
1400.0 0.0065 1.0 0.98 0.044 1.3
------ Initialzed electron response -----
1414.0 0.0065 1.0 0.98 0.044 1.3
1386.0 0.0065 1.0 0.98 0.044 1.3
1401.4045679605424 0.0065 1.0 0.98 0.044 1.3
1398.5954320394576 0.0065 1.0 0.98 0.044 1.3
1400.0 0.0065647007713155485 1.0 0.98 0.044 1.3
1400.0 0.00643469514890619 1.0 0.98 0.044 1.3
1400.0 0.006506500501439852 1.0 0.98 0.044 1.3
1400.0 0.0064934934562564965 1.0 0.98 0.044 1.3
1400.0 0.0065 1.01 0.98 0.044 1.3
1400.0 0.0065 0.99 0.98 0.044 1.3
1400.0 0.0065 1.0010000660118696 0.98 0.044 1.3
1400.0 0.0065 0.9989999339881304 0.98 0.044 1.3
1400.0 0.0065 1.0 0.989803851151628 0.044 1.3
1400.0 0.0065 1.0 0.9702038451063445 0.044 1.3
1400.0 0.0065 1.0 0.980980101013818 0.044 1.3
1400.0 0.0065 1.0 0.9790199759512052 0.044 1.3
1400.0 0.0065 1.0 0.98 0.044440235971757995 1.3
1400.0 0.0065 1.0 0.98 0.04356023546661524 1.3
1400.0 0.0065 1.0 0.98 0.04404400295291398 1.3
1400.0 0.0065 1.0 0.98 0.0439560017615003 1.3
1400.0 0.0065 1.0 0.98 0.044 1.3130815021850712
1400.0 0.0065 1.0 0.98 0.044 1.2870795073004682
1400.0 0.0065 1.0 0.98 0.044 1.3013010775687954
1400.0 0.0065 1.0 0.98 0.044 1.298700532633008
1399.999768703059 0.006500000028075609 1.0000000032652419 0.9800000474301269 0.04400000005433106 1.3000000089463013
1399.999988435153 0.0065000000014037804 1.000000000163262 0.9800000023715063 0.04400000000271655 1.3000000004473151
1400.0 0.0065 1.0 0.98 0.044 1.3
1401.4045679605424 0.0065 1.0 0.98 0.044 1.3
1398.5954320394576 0.0065 1.0 0.98 0.044 1.3
1414.0 0.0065 1.0 0.98 0.044 1.3
1386.0 0.0065 1.0 0.98 0.044 1.3
1400.0 0.006506500501439852 1.0 0.98 0.044 1.3
1400.0 0.0064934934562564965 1.0 0.98 0.044 1.3
1400.0 0.0065647007713155485 1.0 0.98 0.044 1.3
1400.0 0.00643469514890619 1.0 0.98 0.044 1.3
1400.0 0.007042780459665668 1.0 0.98 0.044 1.3
1400.0 0.005908252565090481 1.0 0.98 0.044 1.3
1400.0 0.0065 1.0010000660118696 0.98 0.044 1.3
1400.0 0.0065 0.9989999339881304 0.98 0.044 1.3
1400.0 0.0065 1.01 0.98 0.044 1.3
1400.0 0.0065 0.99 0.98 0.044 1.3
1400.0 0.0065 1.0 0.980980101013818 0.044 1.3
1400.0 0.0065 1.0 0.9790199759512052 0.044 1.3
1400.0 0.0065 1.0 0.989803851151628 0.044 1.3
1400.0 0.0065 1.0 0.9702038451063445 0.044 1.3
1400.0 0.0065 1.0 0.98 0.04404400295291398 1.3
1400.0 0.0065 1.0 0.98 0.0439560017615003 1.3
1400.0 0.0065 1.0 0.98 0.044440235971757995 1.3
1400.0 0.0065 1.0 0.98 0.04356023546661524 1.3
1400.0 0.0065 1.0 0.98 0.044 1.3013010775687954
1400.0 0.0065 1.0 0.98 0.044 1.298700532633008
1400.0 0.0065 1.0 0.98 0.044 1.3130815021850712
1400.0 0.0065 1.0 0.98 0.044 1.2870795073004682
1400.0738965450869 0.0065 1.0 0.98 0.044 1.3
1399.9261034549131 0.0065 1.0 0.98 0.044 1.3
1400.0 0.0065047007495153105 1.0 0.98 0.044 1.3
1400.0 0.006495296091629718 1.0 0.98 0.044 1.3
1400.0 0.0065 1.0004857605820785 0.98 0.044 1.3
1400.0 0.0065 0.9995142394179215 0.98 0.044 1.3
1400.0 0.0065 1.0 0.9801310548764764 0.044 1.3
1400.0 0.0065 1.0 0.9798689464997415 0.044 1.3
1400.0 0.0065 1.0 0.98 0.04404345763369871 1.3
1400.0 0.0065 1.0 0.98 0.04395654696459624 1.3
1400.0 0.0065 1.0 0.98 0.044 1.3001595682763936
1400.0 0.0065 1.0 0.98 0.044 1.2998404559694798
1414.0 0.007042780459665668 1.0 0.98 0.044 1.3
1414.0 0.0065 1.01 0.98 0.044 1.3
1414.0 0.0065 1.0 0.989803851151628 0.044 1.3
1414.0 0.0065 1.0 0.98 0.044440235971757995 1.3
1414.0 0.0065 1.0 0.98 0.044 1.3130815021850712
1400.0 0.007042780459665668 1.01 0.98 0.044 1.3
1400.0 0.007042780459665668 1.0 0.989803851151628 0.044 1.3
1400.0 0.007042780459665668 1.0 0.98 0.044440235971757995 1.3
1400.0 0.007042780459665668 1.0 0.98 0.044 1.3130815021850712
1400.0 0.0065 1.01 0.989803851151628 0.044 1.3
1400.0 0.0065 1.01 0.98 0.044440235971757995 1.3
1400.0 0.0065 1.01 0.98 0.044 1.3130815021850712
1400.0 0.0065 1.0 0.989803851151628 0.044440235971757995 1.3
1400.0 0.0065 1.0 0.989803851151628 0.044 1.3130815021850712
1400.0 0.0065 1.0 0.98 0.044440235971757995 1.3130815021850712
1438.5913411170789 0.00525899796939504 1.3825477674792797 0.6644047326154728 0.08658348342498404 1.9917020351899657
1498.0406451877232 0.00578741797805548 1.4533672671511386 1.4699762079462255 0.09451455570925678 1.5920149771161451
1336.756396873268 0.006136325642307263 1.2698460869009365 0.5953397672576614 0.027384458189214058 1.5514150663904325
1494.2616412385469 0.0063185594621909934 0.8580200750588458 1.4489643111494823 0.0005646778444971784 1.0567150132494596
1481.5595856430843 0.006409771535173519 0.5053719442830066 0.5799829993132997 0.014364281768110951 1.4031419271830867
1445.7153921080803 0.006455194646815263 0.6744915751288798 0.557260194458216 0.02678496517715542 1.4278258993236699
1423.3176315503358 0.00647782276762255 0.827895804240548 0.7347300482290349 0.06606842462530023 1.9974221243542556
1411.7117573445655 0.0064889464552116746 0.912811462080553 0.8527192823092102 0.09871416086434705 1.905233078274279
1405.837839802765 0.006494501888845349 0.9564474265142228 0.9159599616274735 0.07856540944935396 1.8287904315414178
1402.8453407991428 0.006497321935412436 0.9787613161064642 0.9486931254858705 0.06162124258778894 1.729838908977384
1401.273981037438 0.006498801170895701 0.9904892689691516 0.9659669667248114 0.05192847070245793 1.0436245798512636
1400.0 0.0065 1.0 0.98 0.044 1.3
1400.0018310948058 0.0065 1.0 0.98 0.044 1.3
1399.9981689051942 0.0065 1.0 0.98 0.044 1.3
1400.0183109479563 0.0065 1.0 0.98 0.044 1.3
1399.9816890520437 0.0065 1.0 0.98 0.044 1.3
1400.0 0.006500010081595524 1.0 0.98 0.044 1.3
1400.0 0.0064999899183899555 1.0 0.98 0.044 1.3
1400.0 0.0065 1.0000124943335817 0.98 0.044 1.3
1400.0 0.0065 0.9999875056664183 0.98 0.044 1.3
1400.0 0.0065 1.00012494333453 0.98 0.044 1.3
1400.0 0.0065 0.9998750566654698 0.98 0.044 1.3
1400.0 0.0065 1.0 0.9800173779940734 0.044 1.3
1400.0 0.0065 1.0 0.9799826220301248 0.044 1.3
1400.0 0.0065 1.0 0.980173781026187 0.044 1.3
1400.0 0.0065 1.0 0.9798262213936387 0.044 1.3
1400.0 0.0065 1.0 0.98 0.04400966474173909 1.3
1400.0 0.0065 1.0 0.98 0.04399033548570823 1.3
1400.0 0.0065 1.0 0.98 0.044096657592066754 1.3
1400.0 0.0065 1.0 0.98 0.043903365152658816 1.3
1400.0 0.0065 1.0 0.98 0.044 1.5441838696967989
1400.0 0.0065 1.0 0.98 0.044 1.104783105547052
1400.0 0.0065 1.0 0.98 0.044 1.3231532805563961
1400.0 0.0065 1.0 0.98 0.044 1.2773466152856174
1400.0 0.0065 1.0 0.98 0.044 1.3022937782952488
1400.0 0.0065 1.0 0.98 0.044 1.2977112216943345
1399.9816890520437 0.0065 1.0 0.98 0.044 1.3
1399.9084452724971 0.0065 1.0 0.98 0.044 1.3
1399.7253361244661 0.0065 1.0 0.98 0.044 1.3
1399.1760166616823 0.0065 1.0 0.98 0.044 1.3
1397.5282737619611 0.0065 1.0 0.98 0.044 1.3
1392.5908616218444 0.0065 1.0 0.98 0.044 1.3
1381.7912054146966 0.0065 1.0 0.98 0.044 1.3
1381.9712841420528 0.0065 1.0 0.98 0.044 1.3
1381.6111877397398 0.0065 1.0 0.98 0.044 1.3
1381.7912054146966 0.0065001008153017315 1.0 0.98 0.044 1.3
1381.7912054146966 0.006499899183246286 1.0 0.98 0.044 1.3
1381.7912054146966 0.0065 1.0012494320579919 0.98 0.044 1.3
1381.7912054146966 0.0065 0.9987505679420082 0.98 0.044 1.3
1381.7912054146966 0.0065 1.0067294757576035 0.98 0.044 1.3
1381.7912054146966 0.0065 0.9932705242423965 0.98 0.044 1.3
1381.7912054146966 0.0065 1.0 0.9817379156846461 0.044 1.3
1381.7912054146966 0.0065 1.0 0.9782623262976882 0.044 1.3
1381.7912054146966 0.0065 1.0 0.98 0.04460106405171364 1.3
1381.7912054146966 0.0065 1.0 0.98 0.043399814430514314 1.3
1381.7912054146966 0.0065 1.0 0.98 0.044 1.3022089525501475
1381.7912054146966 0.0065 1.0 0.98 0.044 1.2977956848414651
1381.7912054146966 0.0065 1.0067294757576035 0.98 0.044 1.3
1381.7912054146966 0.0065 1.033623002321904 0.98 0.044 1.3
1381.7912054146966 0.0065 1.1002608307185098 0.98 0.044 1.3
1381.7912054146966 0.0065 1.2846569665699386 0.98 0.044 1.3
1381.7912054146966 0.0065 1.4849207093407266 0.98 0.044 1.3
1383.594640355384 0.0065 1.4849207093407266 0.98 0.044 1.3
1379.9938755450712 0.0065 1.4849207093407266 0.98 0.044 1.3
1381.7912054146966 0.006501008087557386 1.4849207093407266 0.98 0.044 1.3
1381.7912054146966 0.006498991767244459 1.4849207093407266 0.98 0.044 1.3
1381.7912054146966 0.006503645822810261 1.4849207093407266 0.98 0.044 1.3
1381.7912054146966 0.006496352277335028 1.4849207093407266 0.98 0.044 1.3
1381.7912054146966 0.0065 1.4832395758844406 0.98 0.044 1.3
1381.7912054146966 0.0065 1.486514304366991 0.98 0.044 1.3
1381.7912054146966 0.0065 1.4849207093407266 0.9817949692356485 0.044 1.3
1381.7912054146966 0.0065 1.4849207093407266 0.97820528889429 0.044 1.3
1381.7912054146966 0.0065 1.4849207093407266 0.9826265127511523 0.044 1.3
1381.7912054146966 0.0065 1.4849207093407266 0.9773740399063311 0.044 1.3
1381.7912054146966 0.0065 1.4849207093407266 0.98 0.044611084545185704 1.3
1381.7912054146966 0.0065 1.4849207093407266 0.98 0.043389823451013346 1.3
1381.7912054146966 0.0065 1.4849207093407266 0.98 0.044 1.3022478930302128
1381.7912054146966 0.0065 1.4849207093407266 0.98 0.044 1.2977569091263332
1381.7912054146966 0.0065 1.4849207093407266 0.98 0.044611084545185704 1.3
1381.7912054146966 0.0065 1.4849207093407266 0.98 0.04706265137931475 1.3
1381.7912054146966 0.0065 1.4849207093407266 0.98 0.05320965732159727 1.3
1381.7912054146966 0.0065 1.4849207093407266 0.98 0.07099302961117408 1.3
1381.7912054146966 0.0065 1.4849207093407266 0.98 0.09997698671331011 1.3
1381.7912054146966 0.0065 1.4849207093407266 0.98 0.06554503754386427 1.3
1383.971662598269 0.0065 1.4849207093407266 0.98 0.09997698671331011 1.3
1379.6196667949694 0.0065 1.4849207093407266 0.98 0.09997698671331011 1.3
1381.7912054146966 0.0065068883232956235 1.4849207093407266 0.98 0.09997698671331011 1.3
1381.7912054146966 0.006493104891540007 1.4849207093407266 0.98 0.09997698671331011 1.3
1381.7912054146966 0.006510185551784066 1.4849207093407266 0.98 0.09997698671331011 1.3
1381.7912054146966 0.006489799605554707 1.4849207093407266 0.98 0.09997698671331011 1.3
1381.7912054146966 0.0065 1.483567218769855 0.98 0.09997698671331011 1.3
1381.7912054146966 0.0065 1.4862168905524473 0.98 0.09997698671331011 1.3
1381.7912054146966 0.0065 1.4849207093407266 0.98262188516977 0.09997698671331011 1.3
1381.7912054146966 0.0065 1.4849207093407266 0.9773786655421953 0.09997698671331011 1.3
1381.7912054146966 0.0065 1.4849207093407266 0.98 0.0999933840605663 1.3
1381.7912054146966 0.0065 1.4849207093407266 0.98 0.0999506908317656 1.3
1381.7912054146966 0.0065 1.4849207093407266 0.98 0.0999903601325553 1.3
1381.7912054146966 0.0065 1.4849207093407266 0.98 0.0999578866221291 1.3
1381.7912054146966 0.0065 1.4849207093407266 0.98 0.09997698671331011 1.3025708289273856
1381.7912054146966 0.0065 1.4849207093407266 0.98 0.09997698671331011 1.2974354501968288
1381.7912054146966 0.0065 1.4849207093407266 0.98 0.09997698671331011 1.3012520718933984
1381.7912054146966 0.0065 1.4849207093407266 0.98 0.09997698671331011 1.2987494193640678
1381.7912054146966 0.0065 1.4849207093407266 0.98 0.09997698671331011 1.3012520718933984
1381.7912054146966 0.0065 1.4849207093407266 0.98 0.09997698671331011 1.3062750851601705
1381.7912054146966 0.0065 1.4849207093407266 0.98 0.09997698671331011 1.3189324125772877
1381.7912054146966 0.0065 1.4849207093407266 0.98 0.09997698671331011 1.3576761556681993
1381.7912054146966 0.0065 1.4849207093407266 0.98 0.09997698671331011 1.4785650768508711
1381.7912054146966 0.0065 1.4849207093407266 0.98 0.09997698671331011 1.8199563778273804
1381.7912054146966 0.0065 1.4849207093407266 0.98 0.09997698671331011 1.8664205784899646
1381.7912054146966 0.0065 1.4849207093407266 0.98 0.09997698671331011 1.9999979393770777
1382.291015980109 0.0065 1.4849207093407266 0.98 0.09997698671331011 1.9999979393770777
1381.2918648840148 0.0065 1.4849207093407266 0.98 0.09997698671331011 1.9999979393770777
1382.886143204396 0.0065 1.4849207093407266 0.98 0.09997698671331011 1.9999979393770777
1380.6985209452043 0.0065 1.4849207093407266 0.98 0.09997698671331011 1.9999979393770777
1381.7912054146966 0.006503423039100307 1.4849207093407266 0.98 0.09997698671331011 1.9999979393770777
1381.7912054146966 0.006496575286191905 1.4849207093407266 0.98 0.09997698671331011 1.9999979393770777
1381.7912054146966 0.0065 1.4844912323280652 0.98 0.09997698671331011 1.9999979393770777
1381.7912054146966 0.0065 1.485344246949763 0.98 0.09997698671331011 1.9999979393770777
1381.7912054146966 0.0065 1.4837086689652916 0.98 0.09997698671331011 1.9999979393770777
1381.7912054146966 0.0065 1.4860865930058123 0.98 0.09997698671331011 1.9999979393770777
1381.7912054146966 0.0065 1.4849207093407266 0.9808142768472565 0.09997698671331011 1.9999979393770777
1381.7912054146966 0.0065 1.4849207093407266 0.9791857762780612 0.09997698671331011 1.9999979393770777
1381.7912054146966 0.0065 1.4849207093407266 0.9841467779099948 0.09997698671331011 1.9999979393770777
1381.7912054146966 0.0065 1.4849207093407266 0.9758545995220232 0.09997698671331011 1.9999979393770777
1381.7912054146966 0.0065 1.4849207093407266 0.98 0.09998127914718812 1.9999979393770777
1381.7912054146966 0.0065 1.4849207093407266 0.98 0.0999722517327281 1.9999979393770777
1381.7912054146966 0.0065 1.4849207093407266 0.98 0.09997815678055944 1.9999979393770777
1381.7912054146966 0.0065 1.4849207093407266 0.98 0.09997578612725452 1.9999979393770777
1381.7912054146966 0.0065 1.4849207093407266 0.98 0.09997698671331011 1.9999967056566326
1381.7912054146966 0.0065 1.4849207093407266 0.98 0.09997698671331011 1.9999988849882202
1381.7912054146966 0.0065 1.4849207093407266 0.98 0.09997698671331011 1.9999973695647069
1381.7912054146966 0.0065 1.4849207093407266 0.98 0.09997698671331011 1.9999984397185329
1381.7912054146966 0.006503423039100307 1.4849207093407266 0.98 0.09997698671331011 1.9999979393770777
1381.7912054146966 0.00651709787538002 1.4849207093407266 0.98 0.09997698671331011 1.9999979393770777
1381.7912054146966 0.006551153717940164 1.4849207093407266 0.98 0.09997698671331011 1.9999979393770777
1381.7912054146966 0.006651946350338508 1.4849207093407266 0.98 0.09997698671331011 1.9999979393770777
1381.7912054146966 0.006935489152993089 1.4849207093407266 0.98 0.09997698671331011 1.9999979393770777
1381.7912054146966 0.007468016464744205 1.4849207093407266 0.98 0.09997698671331011 1.9999979393770777
1381.7912054146966 0.007467982742937674 1.4849207093407266 0.98 0.09997698671331011 1.9999979393770777
1381.7912054146966 0.007499999999985339 1.4849207093407266 0.98 0.09997698671331011 1.9999979393770777
1382.8846633251019 0.007499999999985339 1.4849207093407266 0.98 0.09997698671331011 1.9999979393770777
1380.6999947436555 0.007499999999985339 1.4849207093407266 0.98 0.09997698671331011 1.9999979393770777
1381.7912054146966 0.00749999426102145 1.4849207093407266 0.98 0.09997698671331011 1.9999979393770777
1381.7912054146966 0.00749999422427223 1.4849207093407266 0.98 0.09997698671331011 1.9999979393770777
1381.7912054146966 0.007499910858910735 1.4849207093407266 0.98 0.09997698671331011 1.9999979393770777
1381.7912054146966 0.007499910714251972 1.4849207093407266 0.98 0.09997698671331011 1.9999979393770777
1381.7912054146966 0.007499999999985339 1.4837103301949286 0.98 0.09997698671331011 1.9999979393770777
1381.7912054146966 0.007499999999985339 1.4860850558598013 0.98 0.09997698671331011 1.9999979393770777
1381.7912054146966 0.007499999999985339 1.4849207093407266 0.9841412453410746 0.09997698671331011 1.9999979393770777
1381.7912054146966 0.007499999999985339 1.4849207093407266 0.9758601284184427 0.09997698671331011 1.9999979393770777
1381.7912054146966 0.007499999999985339 1.4849207093407266 0.98 0.09997815522638 1.9999979393770777
1381.7912054146966 0.007499999999985339 1.4849207093407266 0.98 0.0999757877635237 1.9999979393770777
1381.7912054146966 0.007499999999985339 1.4849207093407266 0.98 0.09997698671331011 1.9999973703788272
1381.7912054146966 0.007499999999985339 1.4849207093407266 0.98 0.09997698671331011 1.9999984390914085
1381.7912054146966 0.007499999999985339 1.4837103301949286 0.98 0.09997698671331011 1.9999979393770777
1381.7912054146966 0.007499999999985339 1.4784108506405451 0.98 0.09997698671331011 1.9999979393770777
1381.7912054146966 0.007499999999985339 1.4620038202479606 0.98 0.09997698671331011 1.9999979393770777
1381.7912054146966 0.007499999999985339 1.3873175053516524 0.98 0.09997698671331011 1.9999979393770777
1381.7912054146966 0.007499999999985339 1.0046272182074718 0.98 0.09997698671331011 1.9999979393770777
1381.7912054146966 0.007499999999985339 0.7514741606797583 0.98 0.09997698671331011 1.9999979393770777
1381.7912054146966 0.007499999999985339 0.5277819816894266 0.98 0.09997698671331011 1.9999979393770777
1381.7912054146966 0.007499999999985339 0.5008082198667378 0.98 0.09997698671331011 1.9999979393770777
1382.8719895223874 0.007499999999985339 0.5008082198667378 0.98 0.09997698671331011 1.9999979393770777
1380.7126168053755 0.007499999999985339 0.5008082198667378 0.98 0.09997698671331011 1.9999979393770777
1381.7912054146966 0.0074999119972205255 0.5008082198667378 0.98 0.09997698671331011 1.9999979393770777
1381.7912054146966 0.0074999118534879484 0.5008082198667378 0.98 0.09997698671331011 1.9999979393770777
1381.7912054146966 0.007499999999985339 0.5005569366676963 0.98 0.09997698671331011 1.9999979393770777
1381.7912054146966 0.007499999999985339 0.5011061109746952 0.98 0.09997698671331011 1.9999979393770777
1381.7912054146966 0.007499999999985339 0.5008082198667378 0.9841185315643294 0.09997698671331011 1.9999979393770777
1381.7912054146966 0.007499999999985339 0.5008082198667378 0.975882827169222 0.09997698671331011 1.9999979393770777
1381.7912054146966 0.007499999999985339 0.5008082198667378 0.98 0.09997814975080073 1.9999979393770777
1381.7912054146966 0.007499999999985339 0.5008082198667378 0.98 0.09997579352741205 1.9999979393770777
1381.7912054146966 0.007499999999985339 0.5008082198667378 0.98 0.09997698671331011 1.9999973731730631
1381.7912054146966 0.007499999999985339 0.5008082198667378 0.98 0.09997698671331011 1.999998436937285
1381.7912054146966 0.007499999999985339 0.5008082198667378 0.9841185315643294 0.09997698671331011 1.9999979393770777
1381.7912054146966 0.007499999999985339 0.5008082198667378 1.0006006481847394 0.09997698671331011 1.9999979393770777
1381.7912054146966 0.007499999999985339 0.5008082198667378 1.04176390251299 0.09997698671331011 1.9999979393770777
1381.7912054146966 0.007499999999985339 0.5008082198667378 1.1624457795719334 0.09997698671331011 1.9999979393770777
1381.7912054146966 0.007499999999985339 0.5008082198667378 1.4392498165574 0.09997698671331011 1.9999979393770777
1381.7912054146966 0.007499999999985339 0.5008082198667378 0.9220362722422248 0.09997698671331011 1.9999979393770777
1381.7912054146966 0.007499999999985339 0.5008082198667378 1.4084907128528539 0.09997698671331011 1.9999979393770777
1381.7912054146966 0.007499999999985339 0.5008082198667378 1.4999722955403432 0.09997698671331011 1.9999979393770777
1382.7993926573845 0.007499999999985339 0.5008082198667378 1.4999722955403432 0.09997698671331011 1.9999979393770777
1380.7849288835407 0.007499999999985339 0.5008082198667378 1.4999722955403432 0.09997698671331011 1.9999979393770777
1381.7912054146966 0.007499914439815443 0.5008082198667378 1.4999722955403432 0.09997698671331011 1.9999979393770777
1381.7912054146966 0.007499914298090722 0.5008082198667378 1.4999722955403432 0.09997698671331011 1.9999979393770777
1381.7912054146966 0.007499999999985339 0.5006066048257521 1.4999722955403432 0.09997698671331011 1.9999979393770777
1381.7912054146966 0.007499999999985339 0.5010386862886224 1.4999722955403432 0.09997698671331011 1.9999979393770777
1381.7912054146966 0.007499999999985339 0.5008082198667378 1.4999982858552512 0.09997698671331011 1.9999979393770777
1381.7912054146966 0.007499999999985339 0.5008082198667378 1.4999150345708827 0.09997698671331011 1.9999979393770777
1381.7912054146966 0.007499999999985339 0.5008082198667378 1.499991477447387 0.09997698671331011 1.9999979393770777
1381.7912054146966 0.007499999999985339 0.5008082198667378 1.4999421238873252 0.09997698671331011 1.9999979393770777
1381.7912054146966 0.007499999999985339 0.5008082198667378 1.4999722955403432 0.0999781407507859 1.9999979393770777
1381.7912054146966 0.007499999999985339 0.5008082198667378 1.4999722955403432 0.09997580299825172 1.9999979393770777
1381.7912054146966 0.007499999999985339 0.5008082198667378 1.4999722955403432 0.09997698671331011 1.9999973754877303
1381.7912054146966 0.007499999999985339 0.5008082198667378 1.4999722955403432 0.09997698671331011 1.9999984351508755
1314.5785158494073 0.0075 0.5000000023308421 1.4999999999998852 0.09999999997674328 1.999999999999998
1499.940354236667 0.007499999999996991 0.5001652371055644 1.4999943147081631 0.09999526493412939 1.9999995770411483
1470.085465022267 0.007499999999633472 0.5201564862074561 1.4993074350547977 0.09942710836166022 1.9999484890443828
1300.8614146266864 0.007499999999967945 0.5017765863266145 1.4999394147394545 0.09994985786323084 1.999995495131311
1414.7296352368746 0.007499999999987933 0.5006699672107257 1.499977192542025 0.09998113937438391 1.9999983042888125
1460.1841950877952 0.007499999999979135 0.5011572089631786 1.4999605654742578 0.0999673724816479 1.99999706792145
1349.604567199802 0.007499999999973839 0.5014503901276178 1.499950555554234 0.099959083562633 1.9999963235791667
1492.7428103509437 0.007499999999640766 0.5197581695836999 1.4993212138015242 0.09943848979728792 1.9999495141013663
1425.4504642777292 0.007499999999848523 0.5083664689504525 1.4997137374336595 0.09976302524025826 1.999978711745931
1344.276269152867 0.007499999999919275 0.5044661688132455 1.4998474378927495 0.09987369566933503 1.999988655254289
1402.2256608117202 0.007499999999988336 0.5006476331530773 1.4999779543663887 0.09998177006925008 1.999998360935932
1300.7363512028187 0.007499999999967945 0.5017765863266145 1.4999394147394545 0.09994985786323084 1.999995495131311
1300.9962367030614 0.007499999999967945 0.5017765863266145 1.4999394147394545 0.09994985786323084 1.999995495131311
1300.8178564700113 0.007499999999967945 0.5017765863266145 1.4999394147394545 0.09994985786323084 1.999995495131311
1300.906097803838 0.007499999999967945 0.5017765863266145 1.4999394147394545 0.09994985786323084 1.999995495131311
1300.8614146266864 0.0074999160416789066 0.5017765863266145 1.4999394147394545 0.09994985786323084 1.999995495131311
1300.8614146266864 0.007499916249058288 0.5017765863266145 1.4999394147394545 0.09994985786323084 1.999995495131311
1300.8614146266864 0.007499999999967945 0.5020936205843872 1.4999394147394545 0.09994985786323084 1.999995495131311
1300.8614146266864 0.007499999999967945 0.5014855238137281 1.4999394147394545 0.09994985786323084 1.999995495131311
1300.8614146266864 0.007499999999967945 0.5017765863266145 1.4998981948795502 0.09994985786323084 1.999995495131311
1300.8614146266864 0.007499999999967945 0.5017765863266145 1.4999699979458803 0.09994985786323084 1.999995495131311
1300.8614146266864 0.007499999999967945 0.5017765863266145 1.4999394147394545 0.09994810470504222 1.999995495131311
1300.8614146266864 0.007499999999967945 0.5017765863266145 1.4999394147394545 0.09995158091212406 1.999995495131311
1300.8614146266864 0.007499999999967945 0.5017765863266145 1.4999394147394545 0.09994985786323084 1.9999962498285657
1300.8614146266864 0.007499999999967945 0.5017765863266145 1.4999394147394545 0.09994985786323084 1.9999946712932324
1471.298535719254 0.007499999999999995 0.5000024276323489 1.4999999891429534 0.09999992803490501 1.9999999917472384
1300.5021506595185 0.007499999999973677 0.5014512904442759 1.4999502734004695 0.09995841040845116 1.9999962598671577
1300.5364265892058 0.007499999999973677 0.5014512904442759 1.4999502734004695 0.09995841040845116 1.9999962598671577
1300.469003486041 0.007499999999973677 0.5014512904442759 1.4999502734004695 0.09995841040845116 1.9999962598671577
1300.5021506595185 0.0074999173216597735 0.5014512904442759 1.4999502734004695 0.09995841040845116 1.9999962598671577
1300.5021506595185 0.0074999175081541004 0.5014512904442759 1.4999502734004695 0.09995841040845116 1.9999962598671577
1300.5021506595185 0.007499999999973677 0.5017331307299288 1.4999502734004695 0.09995841040845116 1.9999962598671577
1300.5021506595185 0.007499999999973677 0.5011944107892226 1.4999502734004695 0.09995841040845116 1.9999962598671577
1300.5021506595185 0.007499999999973677 0.5014512904442759 1.4999128076893535 0.09995841040845116 1.9999962598671577
1300.5021506595185 0.007499999999973677 0.5014512904442759 1.4999772881148408 0.09995841040845116 1.9999962598671577
1300.5021506595185 0.007499999999973677 0.5014512904442759 1.4999502734004695 0.09995678020610693 1.9999962598671577
1300.5021506595185 0.007499999999973677 0.5014512904442759 1.4999502734004695 0.09996000928500733 1.9999962598671577
1300.5021506595185 0.007499999999973677 0.5014512904442759 1.4999502734004695 0.09995841040845116 1.9999969600079637
1300.5021506595185 0.007499999999973677 0.5014512904442759 1.4999502734004695 0.09995841040845116 1.9999954872337442
1300.0000069090463 0.00749999999999999 0.5000036789472618 1.4999999768692827 0.09999993379634722 1.999999992200608
1300.0006962799055 0.00749999999999999 0.5000036789472618 1.4999999768692827 0.09999993379634722 1.999999992200608
1300.0004464815797 0.00749999999999999 0.5000036789472618 1.4999999768692827 0.09999993379634722 1.999999992200608
1300.0000069090463 0.007499917478782609 0.5000036789472618 1.4999999768692827 0.09999993379634722 1.999999992200608
1300.0000069090463 0.007499917475267328 0.5000036789472618 1.4999999768692827 0.09999993379634722 1.999999992200608
1300.0000069090463 0.00749999999999999 0.5000026129572472 1.4999999768692827 0.09999993379634722 1.999999992200608
1300.0000069090463 0.00749999999999999 0.5000297303763962 1.4999999768692827 0.09999993379634722 1.999999992200608
1300.0000069090463 0.00749999999999999 0.5000036789472618 1.49999544953606 0.09999993379634722 1.999999992200608
1300.0000069090463 0.00749999999999999 0.5000036789472618 1.4999940592929335 0.09999993379634722 1.999999992200608
1300.0000069090463 0.00749999999999999 0.5000036789472618 1.4999999768692827 0.09999985369658564 1.999999992200608
1300.0000069090463 0.00749999999999999 0.5000036789472618 1.4999999768692827 0.09999998254824881 1.999999992200608
1300.0000069090463 0.00749999999999999 0.5000036789472618 1.4999999768692827 0.09999993379634722 1.999999989590863
1300.0000069090463 0.00749999999999999 0.5000036789472618 1.4999999768692827 0.09999993379634722 1.9999999223522225
1300.0000000805035 0.0075 0.5000000148869636 1.499999999993656 0.09999999999997412 1.9999999999994837
1300.000548328183 0.0075 0.5000000148869636 1.499999999993656 0.09999999999997412 1.9999999999994837
1300.0005752260272 0.0075 0.5000000148869636 1.499999999993656 0.09999999999997412 1.9999999999994837
1300.0000000805035 0.0074999174076868 0.5000000148869636 1.499999999993656 0.09999999999997412 1.9999999999994837
1300.0000000805035 0.007499917407718637 0.5000000148869636 1.499999999993656 0.09999999999997412 1.9999999999994837
1300.0000000805035 0.0075 0.5000133182472338 1.499999999993656 0.09999999999997412 1.9999999999994837
1300.0000000805035 0.0075 0.5000115967124547 1.499999999993656 0.09999999999997412 1.9999999999994837
1300.0000000805035 0.0075 0.5000000148869636 1.4999947592546579 0.09999999999997412 1.9999999999994837
1300.0000000805035 0.0075 0.5000000148869636 1.4999947822933906 0.09999999999997412 1.9999999999994837
1300.0000000805035 0.0075 0.5000000148869636 1.499999999993656 0.09999998423773426 1.9999999999994837
1300.0000000805035 0.0075 0.5000000148869636 1.499999999993656 0.0999999843184265 1.9999999999994837
1300.0000000805035 0.0075 0.5000000148869636 1.499999999993656 0.09999999999997412 1.9999999640000647
1300.0000000805035 0.0075 0.5000000148869636 1.499999999993656 0.09999999999997412 1.9999999634527172
1300.000000000004 0.0075 0.5000000000180151 1.4999999999999964 0.09999999999999792 1.9999999999999998
1300.0005617931176 0.0075 0.5000000000180151 1.4999999999999964 0.09999999999999792 1.9999999999999998
1300.000561601602 0.0075 0.5000000000180151 1.4999999999999964 0.09999999999999792 1.9999999999999998
1300.000000000004 0.0074999174075538215 0.5000000000180151 1.4999999999999964 0.09999999999999792 1.9999999999999998
1300.000000000004 0.007499917407558086 0.5000000000180151 1.4999999999999964 0.09999999999999792 1.9999999999999998
1300.000000000004 0.0075 0.5000124125413419 1.4999999999999964 0.09999999999999792 1.9999999999999998
1300.000000000004 0.0075 0.5000124724278878 1.4999999999999964 0.09999999999999792 1.9999999999999998
1300.000000000004 0.0075 0.5000000000180151 1.4999947704955199 0.09999999999999792 1.9999999999999998
1300.000000000004 0.0075 0.5000000000180151 1.4999947710397679 0.09999999999999792 1.9999999999999998
1300.000000000004 0.0075 0.5000000000180151 1.4999999999999964 0.09999998428949092 1.9999999999999998
1300.000000000004 0.0075 0.5000000000180151 1.4999999999999964 0.0999999842665758 1.9999999999999998
1300.000000000004 0.0075 0.5000000000180151 1.4999999999999964 0.09999999999999792 1.9999999637335868
1300.000000000004 0.0075 0.5000000000180151 1.4999999999999964 0.09999999999999792 1.9999999637201151
1300.000000000004 0.0075 0.5000000000180151 1.4999999999999964 0.09999999999999792 1.9999999999999998
1300.0005617931176 0.0075 0.5000000000180151 1.4999999999999964 0.09999999999999792 1.9999999999999998
1300.000561601602 0.0075 0.5000000000180151 1.4999999999999964 0.09999999999999792 1.9999999999999998
1300.000000000004 0.0074999174075538215 0.5000000000180151 1.4999999999999964 0.09999999999999792 1.9999999999999998
1300.000000000004 0.007499917407558086 0.5000000000180151 1.4999999999999964 0.09999999999999792 1.9999999999999998
1300.000000000004 0.0075 0.5000124125413419 1.4999999999999964 0.09999999999999792 1.9999999999999998
1300.000000000004 0.0075 0.5000124724278878 1.4999999999999964 0.09999999999999792 1.9999999999999998
1300.000000000004 0.0075 0.5000000000180151 1.4999947704955199 0.09999999999999792 1.9999999999999998
1300.000000000004 0.0075 0.5000000000180151 1.4999947710397679 0.09999999999999792 1.9999999999999998
1300.000000000004 0.0075 0.5000000000180151 1.4999999999999964 0.09999998428949092 1.9999999999999998
1300.000000000004 0.0075 0.5000000000180151 1.4999999999999964 0.0999999842665758 1.9999999999999998
1300.000000000004 0.0075 0.5000000000180151 1.4999999999999964 0.09999999999999792 1.9999999637335868
1300.000000000004 0.0075 0.5000000000180151 1.4999999999999964 0.09999999999999792 1.9999999637201151
1300.00002248707 0.0075 0.5000000000180151 1.4999999999999964 0.09999999999999792 1.9999999999999998
1300.000022448767 0.0075 0.5000000000180151 1.4999999999999964 0.09999999999999792 1.9999999999999998
1300.000000000004 0.007499996696265429 0.5000000000180151 1.4999999999999964 0.09999999999999792 1.9999999999999998
1300.000000000004 0.007499996696266283 0.5000000000180151 1.4999999999999964 0.09999999999999792 1.9999999999999998
1300.000000000004 0.0075 0.5000004917299585 1.4999999999999964 0.09999999999999792 1.9999999999999998
1300.000000000004 0.0075 0.500000503707363 1.4999999999999964 0.09999999999999792 1.9999999999999998
1300.000000000004 0.0075 0.5000000000180151 1.4999997907759273 0.09999999999999792 1.9999999999999998
1300.000000000004 0.0075 0.5000000000180151 1.4999997908847773 0.09999999999999792 1.9999999999999998
1300.000000000004 0.0075 0.5000000000180151 1.4999999999999964 0.09999999937341082 1.9999999999999998
1300.000000000004 0.0075 0.5000000000180151 1.4999999999999964 0.0999999993688278 1.9999999999999998
1300.000000000004 0.0075 0.5000000000180151 1.4999999999999964 0.09999999999999792 1.9999999985504209
1300.000000000004 0.0075 0.5000000000180151 1.4999999999999964 0.09999999999999792 1.9999999985477266
1300.0005617931176 0.0074999174075538215 0.5000000000180151 1.4999999999999964 0.09999999999999792 1.9999999999999998
1300.0005617931176 0.0075 0.5000124125413419 1.4999999999999964 0.09999999999999792 1.9999999999999998
1300.0005617931176 0.0075 0.5000000000180151 1.4999947704955199 0.09999999999999792 1.9999999999999998
1300.0005617931176 0.0075 0.5000000000180151 1.4999999999999964 0.09999998428949092 1.9999999999999998
1300.0005617931176 0.0075 0.5000000000180151 1.4999999999999964 0.09999999999999792 1.9999999637335868
1300.000000000004 0.0074999174075538215 0.5000124125413419 1.4999999999999964 0.09999999999999792 1.9999999999999998
1300.000000000004 0.0074999174075538215 0.5000000000180151 1.4999947704955199 0.09999999999999792 1.9999999999999998
1300.000000000004 0.0074999174075538215 0.5000000000180151 1.4999999999999964 0.09999998428949092 1.9999999999999998
1300.000000000004 0.0074999174075538215 0.5000000000180151 1.4999999999999964 0.09999999999999792 1.9999999637335868
1300.000000000004 0.0075 0.5000124125413419 1.4999947704955199 0.09999999999999792 1.9999999999999998
1300.000000000004 0.0075 0.5000124125413419 1.4999999999999964 0.09999998428949092 1.9999999999999998
1300.000000000004 0.0075 0.5000124125413419 1.4999999999999964 0.09999999999999792 1.9999999637335868
1300.000000000004 0.0075 0.5000000000180151 1.4999947704955199 0.09999998428949092 1.9999999999999998
1300.000000000004 0.0075 0.5000000000180151 1.4999947704955199 0.09999999999999792 1.9999999637335868
1300.000000000004 0.0075 0.5000000000180151 1.4999999999999964 0.09999998428949092 1.9999999637335868
1300.000000000004 0.0075 0.5000000000180151 1.4999999999999964 0.09999999999999792 1.9999999999999998
1300.00002248707 0.0075 0.5000000000180151 1.4999999999999964 0.09999999999999792 1.9999999999999998
1300.000022448767 0.0075 0.5000000000180151 1.4999999999999964 0.09999999999999792 1.9999999999999998
1300.000000000004 0.007499996696265429 0.5000000000180151 1.4999999999999964 0.09999999999999792 1.9999999999999998
1300.000000000004 0.007499996696266283 0.5000000000180151 1.4999999999999964 0.09999999999999792 1.9999999999999998
1300.000000000004 0.0075 0.5000004917299585 1.4999999999999964 0.09999999999999792 1.9999999999999998
1300.000000000004 0.0075 0.500000503707363 1.4999999999999964 0.09999999999999792 1.9999999999999998
1300.000000000004 0.0075 0.5000000000180151 1.4999997907759273 0.09999999999999792 1.9999999999999998
1300.000000000004 0.0075 0.5000000000180151 1.4999997908847773 0.09999999999999792 1.9999999999999998
1300.000000000004 0.0075 0.5000000000180151 1.4999999999999964 0.09999999937341082 1.9999999999999998
1300.000000000004 0.0075 0.5000000000180151 1.4999999999999964 0.0999999993688278 1.9999999999999998
1300.000000000004 0.0075 0.5000000000180151 1.4999999999999964 0.09999999999999792 1.9999999985504209
1300.000000000004 0.0075 0.5000000000180151 1.4999999999999964 0.09999999999999792 1.9999999985477266
1300.000000902551 0.0075 0.5000000000180151 1.4999999999999964 0.09999999999999792 1.9999999999999998
1300.0000008948903 0.0075 0.5000000000180151 1.4999999999999964 0.09999999999999792 1.9999999999999998
1300.000000000004 0.0074999998678504905 0.5000000000180151 1.4999999999999964 0.09999999999999792 1.9999999999999998
1300.000000000004 0.007499999867850661 0.5000000000180151 1.4999999999999964 0.09999999999999792 1.9999999999999998
1300.000000000004 0.007499999994714006 0.5000000000180151 1.4999999999999964 0.09999999999999792 1.9999999999999998
1300.000000000004 0.00749999999471404 0.5000000000180151 1.4999999999999964 0.09999999999999792 1.9999999999999998
1300.000000000004 0.0075 0.5000000187283032 1.4999999999999964 0.09999999999999792 1.9999999999999998
1300.000000000004 0.0075 0.5000000211237849 1.4999999999999964 0.09999999999999792 1.9999999999999998
1300.000000000004 0.0075 0.5000000000180151 1.4999999916223252 0.09999999999999792 1.9999999999999998
1300.000000000004 0.0075 0.5000000000180151 1.4999999916440951 0.09999999999999792 1.9999999999999998
1300.000000000004 0.0075 0.5000000000180151 1.4999999999999964 0.09999999997530108 1.9999999999999998
1300.000000000004 0.0075 0.5000000000180151 1.4999999999999964 0.09999999997438447 1.9999999999999998
1300.000000000004 0.0075 0.5000000000180151 1.4999999999999964 0.09999999999999792 1.999999999942232
1300.000000000004 0.0075 0.5000000000180151 1.4999999999999964 0.09999999999999792 1.9999999999416933
1300.00002248707 0.007499996696265429 0.5000000000180151 1.4999999999999964 0.09999999999999792 1.9999999999999998
1300.00002248707 0.0075 0.5000004917299585 1.4999999999999964 0.09999999999999792 1.9999999999999998
1300.00002248707 0.0075 0.5000000000180151 1.4999997907759273 0.09999999999999792 1.9999999999999998
1300.00002248707 0.0075 0.5000000000180151 1.4999999999999964 0.09999999937341082 1.9999999999999998
1300.00002248707 0.0075 0.5000000000180151 1.4999999999999964 0.09999999999999792 1.9999999985504209
1300.000000000004 0.007499996696265429 0.5000004917299585 1.4999999999999964 0.09999999999999792 1.9999999999999998
1300.000000000004 0.007499996696265429 0.5000000000180151 1.4999997907759273 0.09999999999999792 1.9999999999999998
1300.000000000004 0.007499996696265429 0.5000000000180151 1.4999999999999964 0.09999999937341082 1.9999999999999998
1300.000000000004 0.007499996696265429 0.5000000000180151 1.4999999999999964 0.09999999999999792 1.9999999985504209
1300.000000000004 0.0075 0.5000004917299585 1.4999997907759273 0.09999999999999792 1.9999999999999998
1300.000000000004 0.0075 0.5000004917299585 1.4999999999999964 0.09999999937341082 1.9999999999999998
1300.000000000004 0.0075 0.5000004917299585 1.4999999999999964 0.09999999999999792 1.9999999985504209
1300.000000000004 0.0075 0.5000000000180151 1.4999997907759273 0.09999999937341082 1.9999999999999998
1300.000000000004 0.0075 0.5000000000180151 1.4999997907759273 0.09999999999999792 1.9999999985504209
1300.000000000004 0.0075 0.5000000000180151 1.4999999999999964 0.09999999937341082 1.9999999985504209
===== Fitting Results =====
<ValueView Ysct=1300.000000000004 kB=0.0075 kC=0.5000000000180151 a=1.4999999999999964 b=0.09999999999999792 n=1.9999999999999998>
<ErrorView Ysct=6.808336854646768e-05 kB=1.0010997115485198e-08 kC=1.5081560685858975e-06 a=6.338363727209639e-07 b=1.905664251400374e-09 n=4.396684682994589e-09>
┌──────┬─────────────────────────────────────────────────────────────┐
│      │      Ysct        kB        kC         a         b         n │
├──────┼─────────────────────────────────────────────────────────────┤
│ Ysct │  1.11e-15  -2.1e-29  3.57e-22  4.14e-24   2.9e-25 -1.17e-25 │
│   kB │  -2.1e-29  5.51e-31 -6.64e-30   1.2e-31  -1.5e-32 -4.13e-33 │
│   kC │  3.57e-22 -6.64e-30  1.09e-16    -2e-24  4.51e-26  9.88e-26 │
│    a │  4.14e-24   1.2e-31    -2e-24  8.98e-21 -4.69e-29  1.58e-28 │
│    b │   2.9e-25  -1.5e-32  4.51e-26 -4.69e-29  1.59e-23 -3.08e-29 │
│    n │ -1.17e-25 -4.13e-33  9.88e-26  1.58e-28 -3.08e-29   5.5e-24 │
└──────┴─────────────────────────────────────────────────────────────┘
1300.000000000004 0.0075 0.5000000000180151 1.4999999999999964 0.09999999999999792 1.9999999999999998
